<?xml version="1.0" encoding="UTF-8"?>
<testng-results ignored="0" total="1" passed="1" failed="0" skipped="0">
  <reporter-output>
  </reporter-output>
  <suite started-at="2024-10-23T12:46:20 CEST" name="login" finished-at="2024-10-23T12:46:27 CEST" duration-ms="7144">
    <groups>
    </groups>
    <test started-at="2024-10-23T12:46:20 CEST" name="login" finished-at="2024-10-23T12:46:27 CEST" duration-ms="7144">
      <class name="demoqa.book_store.LoginTests">
        <test-method is-config="true" signature="setUp()[pri:0, instance:demoqa.book_store.LoginTests@14555e0a]" started-at="2024-10-23T12:46:20 CEST" name="setUp" finished-at="2024-10-23T12:46:24 CEST" duration-ms="4740" status="PASS">
          <reporter-output>
          </reporter-output>
        </test-method> <!-- setUp -->
        <test-method is-config="true" signature="precondition()[pri:0, instance:demoqa.book_store.LoginTests@14555e0a]" started-at="2024-10-23T12:46:24 CEST" name="precondition" finished-at="2024-10-23T12:46:25 CEST" duration-ms="617" status="PASS">
          <reporter-output>
          </reporter-output>
        </test-method> <!-- precondition -->
        <test-method signature="loginPositiveTest()[pri:0, instance:demoqa.book_store.LoginTests@14555e0a]" started-at="2024-10-23T12:46:25 CEST" name="loginPositiveTest" finished-at="2024-10-23T12:46:27 CEST" duration-ms="1717" status="PASS">
          <reporter-output>
          </reporter-output>
        </test-method> <!-- loginPositiveTest -->
      </class> <!-- demoqa.book_store.LoginTests -->
    </test> <!-- login -->
  </suite> <!-- login -->
</testng-results>
